<?xml version="1.0" encoding="UTF-8"?>
<testsuite xmlns:xsi="http://www.w3.org/2001/XMLSchema-instance" xsi:noNamespaceSchemaLocation="https://maven.apache.org/surefire/maven-surefire-plugin/xsd/surefire-test-report-3.0.xsd" version="3.0" name="IAQueryService.OllamaClientTest" time="2.036" tests="3" errors="0" skipped="0" failures="0">
  <properties>
[...]
</properties>
  <testcase name="testInstructionsPresent" classname="IAQueryService.OllamaClientTest" time="1.931"/>
  <testcase name="testDefaultsToDNARHWhenNoMatch" classname="IAQueryService.OllamaClientTest" time="0.048"/>
  <testcase name="testDetectsASISByKeyword" classname="IAQueryService.OllamaClientTest" time="0.018"/>
</testsuite>